RUN	com.jaifar.RecordedSimulation	recordedsimulation	1624283189941	 	3.6.0
USER	RecordedSimulation	START	1624283190546
USER	RecordedSimulation	START	1624283190546
USER	RecordedSimulation	START	1624283190546
USER	RecordedSimulation	START	1624283190546
USER	RecordedSimulation	START	1624283190546
USER	RecordedSimulation	START	1624283190546
USER	RecordedSimulation	START	1624283190546
USER	RecordedSimulation	START	1624283190546
USER	RecordedSimulation	START	1624283190546
USER	RecordedSimulation	START	1624283190546
USER	RecordedSimulation	START	1624283190546
USER	RecordedSimulation	START	1624283190546
USER	RecordedSimulation	START	1624283190546
USER	RecordedSimulation	START	1624283190591
USER	RecordedSimulation	START	1624283190592
USER	RecordedSimulation	START	1624283190592
USER	RecordedSimulation	START	1624283190592
USER	RecordedSimulation	START	1624283190592
USER	RecordedSimulation	START	1624283190591
USER	RecordedSimulation	START	1624283190592
USER	RecordedSimulation	START	1624283190593
USER	RecordedSimulation	START	1624283190593
USER	RecordedSimulation	START	1624283190593
USER	RecordedSimulation	START	1624283190593
USER	RecordedSimulation	START	1624283190593
USER	RecordedSimulation	START	1624283190594
USER	RecordedSimulation	START	1624283190594
USER	RecordedSimulation	START	1624283190591
USER	RecordedSimulation	START	1624283190546
USER	RecordedSimulation	START	1624283190591
USER	RecordedSimulation	START	1624283190591
USER	RecordedSimulation	START	1624283190594
USER	RecordedSimulation	START	1624283190594
USER	RecordedSimulation	START	1624283190595
USER	RecordedSimulation	START	1624283190595
USER	RecordedSimulation	START	1624283190595
USER	RecordedSimulation	START	1624283190595
USER	RecordedSimulation	START	1624283190595
USER	RecordedSimulation	START	1624283190595
USER	RecordedSimulation	START	1624283190595
USER	RecordedSimulation	START	1624283190595
USER	RecordedSimulation	START	1624283190595
USER	RecordedSimulation	START	1624283190595
USER	RecordedSimulation	START	1624283190595
USER	RecordedSimulation	START	1624283190596
USER	RecordedSimulation	START	1624283190596
USER	RecordedSimulation	START	1624283190594
USER	RecordedSimulation	START	1624283190546
USER	RecordedSimulation	START	1624283190546
USER	RecordedSimulation	START	1624283190596
USER	RecordedSimulation	START	1624283190596
USER	RecordedSimulation	START	1624283190597
USER	RecordedSimulation	START	1624283190597
USER	RecordedSimulation	START	1624283190597
USER	RecordedSimulation	START	1624283190597
USER	RecordedSimulation	START	1624283190597
USER	RecordedSimulation	START	1624283190597
USER	RecordedSimulation	START	1624283190596
USER	RecordedSimulation	START	1624283190591
USER	RecordedSimulation	START	1624283190598
USER	RecordedSimulation	START	1624283190598
USER	RecordedSimulation	START	1624283190598
USER	RecordedSimulation	START	1624283190598
USER	RecordedSimulation	START	1624283190599
USER	RecordedSimulation	START	1624283190599
USER	RecordedSimulation	START	1624283190599
USER	RecordedSimulation	START	1624283190599
USER	RecordedSimulation	START	1624283190599
USER	RecordedSimulation	START	1624283190596
USER	RecordedSimulation	START	1624283190600
USER	RecordedSimulation	START	1624283190600
USER	RecordedSimulation	START	1624283190596
USER	RecordedSimulation	START	1624283190600
USER	RecordedSimulation	START	1624283190600
USER	RecordedSimulation	START	1624283190600
USER	RecordedSimulation	START	1624283190596
USER	RecordedSimulation	START	1624283190601
USER	RecordedSimulation	START	1624283190601
USER	RecordedSimulation	START	1624283190601
USER	RecordedSimulation	START	1624283190601
USER	RecordedSimulation	START	1624283190601
USER	RecordedSimulation	START	1624283190597
USER	RecordedSimulation	START	1624283190601
USER	RecordedSimulation	START	1624283190598
USER	RecordedSimulation	START	1624283190599
USER	RecordedSimulation	START	1624283190600
USER	RecordedSimulation	START	1624283190603
USER	RecordedSimulation	START	1624283190603
USER	RecordedSimulation	START	1624283190603
USER	RecordedSimulation	START	1624283190603
USER	RecordedSimulation	START	1624283190598
USER	RecordedSimulation	START	1624283190603
USER	RecordedSimulation	START	1624283190601
USER	RecordedSimulation	START	1624283190604
USER	RecordedSimulation	START	1624283190604
USER	RecordedSimulation	START	1624283190604
USER	RecordedSimulation	START	1624283190605
USER	RecordedSimulation	START	1624283190605
USER	RecordedSimulation	START	1624283190605
USER	RecordedSimulation	START	1624283190606
REQUEST		request_0	1624283190591	1624283190803	OK	 
REQUEST		request_0	1624283190593	1624283190811	OK	 
REQUEST		request_0	1624283190603	1624283190821	OK	 
REQUEST		request_0	1624283190601	1624283190821	OK	 
REQUEST		request_0	1624283190595	1624283190822	OK	 
REQUEST		request_0	1624283190587	1624283190823	OK	 
REQUEST		request_0	1624283190595	1624283190830	OK	 
REQUEST		request_0	1624283190587	1624283190831	OK	 
REQUEST		request_0	1624283190594	1624283190832	OK	 
REQUEST		request_0	1624283190597	1624283190822	KO	status.find.in(200,201,202,203,204,205,206,207,208,209,304), found 429
REQUEST		request_0	1624283190597	1624283190822	KO	status.find.in(200,201,202,203,204,205,206,207,208,209,304), found 429
REQUEST		request_0	1624283190603	1624283190822	KO	status.find.in(200,201,202,203,204,205,206,207,208,209,304), found 429
REQUEST		request_0	1624283190592	1624283190835	KO	status.find.in(200,201,202,203,204,205,206,207,208,209,304), found 429
REQUEST		request_0	1624283190597	1624283190836	KO	status.find.in(200,201,202,203,204,205,206,207,208,209,304), found 429
REQUEST		request_0	1624283190586	1624283190836	KO	status.find.in(200,201,202,203,204,205,206,207,208,209,304), found 429
REQUEST		request_0	1624283190597	1624283190824	KO	status.find.in(200,201,202,203,204,205,206,207,208,209,304), found 429
REQUEST		request_0	1624283190596	1624283190823	KO	status.find.in(200,201,202,203,204,205,206,207,208,209,304), found 429
REQUEST		request_0	1624283190595	1624283190823	KO	status.find.in(200,201,202,203,204,205,206,207,208,209,304), found 429
REQUEST		request_0	1624283190596	1624283190822	KO	status.find.in(200,201,202,203,204,205,206,207,208,209,304), found 429
REQUEST		request_0	1624283190596	1624283190836	KO	status.find.in(200,201,202,203,204,205,206,207,208,209,304), found 429
REQUEST		request_0	1624283190603	1624283190822	KO	status.find.in(200,201,202,203,204,205,206,207,208,209,304), found 429
REQUEST		request_0	1624283190591	1624283190839	KO	status.find.in(200,201,202,203,204,205,206,207,208,209,304), found 429
REQUEST		request_0	1624283190597	1624283190839	KO	status.find.in(200,201,202,203,204,205,206,207,208,209,304), found 429
REQUEST		request_0	1624283190593	1624283190839	KO	status.find.in(200,201,202,203,204,205,206,207,208,209,304), found 429
REQUEST		request_0	1624283190601	1624283190839	KO	status.find.in(200,201,202,203,204,205,206,207,208,209,304), found 429
REQUEST		request_0	1624283190602	1624283190839	KO	status.find.in(200,201,202,203,204,205,206,207,208,209,304), found 429
REQUEST		request_0	1624283190601	1624283190839	KO	status.find.in(200,201,202,203,204,205,206,207,208,209,304), found 429
REQUEST		request_0	1624283190591	1624283190839	KO	status.find.in(200,201,202,203,204,205,206,207,208,209,304), found 429
REQUEST		request_0	1624283190586	1624283190839	KO	status.find.in(200,201,202,203,204,205,206,207,208,209,304), found 429
REQUEST		request_0	1624283190597	1624283190839	KO	status.find.in(200,201,202,203,204,205,206,207,208,209,304), found 429
REQUEST		request_0	1624283190599	1624283190839	KO	status.find.in(200,201,202,203,204,205,206,207,208,209,304), found 429
REQUEST		request_0	1624283190586	1624283190839	KO	status.find.in(200,201,202,203,204,205,206,207,208,209,304), found 429
REQUEST		request_0	1624283190593	1624283190840	KO	status.find.in(200,201,202,203,204,205,206,207,208,209,304), found 429
REQUEST		request_0	1624283190600	1624283190840	KO	status.find.in(200,201,202,203,204,205,206,207,208,209,304), found 429
REQUEST		request_0	1624283190593	1624283190840	KO	status.find.in(200,201,202,203,204,205,206,207,208,209,304), found 429
REQUEST		request_0	1624283190596	1624283190840	KO	status.find.in(200,201,202,203,204,205,206,207,208,209,304), found 429
REQUEST		request_0	1624283190595	1624283190840	KO	status.find.in(200,201,202,203,204,205,206,207,208,209,304), found 429
REQUEST		request_0	1624283190600	1624283190840	KO	status.find.in(200,201,202,203,204,205,206,207,208,209,304), found 429
REQUEST		request_0	1624283190600	1624283190840	KO	status.find.in(200,201,202,203,204,205,206,207,208,209,304), found 429
REQUEST		request_0	1624283190591	1624283190841	KO	status.find.in(200,201,202,203,204,205,206,207,208,209,304), found 429
REQUEST		request_0	1624283190602	1624283190841	OK	 
REQUEST		request_0	1624283190598	1624283190841	KO	status.find.in(200,201,202,203,204,205,206,207,208,209,304), found 429
REQUEST		request_0	1624283190592	1624283190841	KO	status.find.in(200,201,202,203,204,205,206,207,208,209,304), found 429
REQUEST		request_0	1624283190598	1624283190841	KO	status.find.in(200,201,202,203,204,205,206,207,208,209,304), found 429
REQUEST		request_0	1624283190595	1624283190841	OK	 
REQUEST		request_0	1624283190586	1624283190841	KO	status.find.in(200,201,202,203,204,205,206,207,208,209,304), found 429
REQUEST		request_0	1624283190605	1624283190841	KO	status.find.in(200,201,202,203,204,205,206,207,208,209,304), found 429
REQUEST		request_0	1624283190586	1624283190840	KO	status.find.in(200,201,202,203,204,205,206,207,208,209,304), found 429
REQUEST		request_0	1624283190594	1624283190841	KO	status.find.in(200,201,202,203,204,205,206,207,208,209,304), found 429
REQUEST		request_0	1624283190587	1624283190841	KO	status.find.in(200,201,202,203,204,205,206,207,208,209,304), found 429
REQUEST		request_0	1624283190598	1624283190841	KO	status.find.in(200,201,202,203,204,205,206,207,208,209,304), found 429
REQUEST		request_0	1624283190599	1624283190841	KO	status.find.in(200,201,202,203,204,205,206,207,208,209,304), found 429
REQUEST		request_0	1624283190604	1624283190842	KO	status.find.in(200,201,202,203,204,205,206,207,208,209,304), found 429
REQUEST		request_0	1624283190600	1624283190842	KO	status.find.in(200,201,202,203,204,205,206,207,208,209,304), found 429
REQUEST		request_0	1624283190587	1624283190842	KO	status.find.in(200,201,202,203,204,205,206,207,208,209,304), found 429
REQUEST		request_0	1624283190596	1624283190842	KO	status.find.in(200,201,202,203,204,205,206,207,208,209,304), found 429
REQUEST		request_0	1624283190594	1624283190842	KO	status.find.in(200,201,202,203,204,205,206,207,208,209,304), found 429
REQUEST		request_0	1624283190592	1624283190842	KO	status.find.in(200,201,202,203,204,205,206,207,208,209,304), found 429
REQUEST		request_0	1624283190597	1624283190842	KO	status.find.in(200,201,202,203,204,205,206,207,208,209,304), found 429
REQUEST		request_0	1624283190595	1624283190842	KO	status.find.in(200,201,202,203,204,205,206,207,208,209,304), found 429
REQUEST		request_0	1624283190593	1624283190843	KO	status.find.in(200,201,202,203,204,205,206,207,208,209,304), found 429
REQUEST		request_0	1624283190595	1624283190843	KO	status.find.in(200,201,202,203,204,205,206,207,208,209,304), found 429
REQUEST		request_0	1624283190601	1624283190843	KO	status.find.in(200,201,202,203,204,205,206,207,208,209,304), found 429
REQUEST		request_0	1624283190604	1624283190843	KO	status.find.in(200,201,202,203,204,205,206,207,208,209,304), found 429
REQUEST		request_0	1624283190591	1624283190843	KO	status.find.in(200,201,202,203,204,205,206,207,208,209,304), found 429
REQUEST		request_0	1624283190598	1624283190843	KO	status.find.in(200,201,202,203,204,205,206,207,208,209,304), found 429
REQUEST		request_0	1624283190591	1624283190843	KO	status.find.in(200,201,202,203,204,205,206,207,208,209,304), found 429
REQUEST		request_0	1624283190597	1624283190843	KO	status.find.in(200,201,202,203,204,205,206,207,208,209,304), found 429
REQUEST		request_0	1624283190598	1624283190843	KO	status.find.in(200,201,202,203,204,205,206,207,208,209,304), found 429
REQUEST		request_0	1624283190587	1624283190843	KO	status.find.in(200,201,202,203,204,205,206,207,208,209,304), found 429
REQUEST		request_0	1624283190596	1624283190843	KO	status.find.in(200,201,202,203,204,205,206,207,208,209,304), found 429
REQUEST		request_0	1624283190603	1624283190844	KO	status.find.in(200,201,202,203,204,205,206,207,208,209,304), found 429
REQUEST		request_0	1624283190604	1624283190844	KO	status.find.in(200,201,202,203,204,205,206,207,208,209,304), found 429
REQUEST		request_0	1624283190598	1624283190844	KO	status.find.in(200,201,202,203,204,205,206,207,208,209,304), found 429
REQUEST		request_0	1624283190597	1624283190844	KO	status.find.in(200,201,202,203,204,205,206,207,208,209,304), found 429
REQUEST		request_0	1624283190586	1624283190850	KO	status.find.in(200,201,202,203,204,205,206,207,208,209,304), found 429
REQUEST		request_0	1624283190597	1624283190850	KO	status.find.in(200,201,202,203,204,205,206,207,208,209,304), found 429
REQUEST		request_0	1624283190601	1624283190850	KO	status.find.in(200,201,202,203,204,205,206,207,208,209,304), found 429
REQUEST		request_0	1624283190599	1624283190850	KO	status.find.in(200,201,202,203,204,205,206,207,208,209,304), found 429
REQUEST		request_0	1624283190599	1624283190850	KO	status.find.in(200,201,202,203,204,205,206,207,208,209,304), found 429
REQUEST		request_0	1624283190604	1624283190850	KO	status.find.in(200,201,202,203,204,205,206,207,208,209,304), found 429
REQUEST		request_0	1624283190586	1624283190850	KO	status.find.in(200,201,202,203,204,205,206,207,208,209,304), found 429
REQUEST		request_0	1624283190592	1624283190850	KO	status.find.in(200,201,202,203,204,205,206,207,208,209,304), found 429
REQUEST		request_0	1624283190587	1624283190851	KO	status.find.in(200,201,202,203,204,205,206,207,208,209,304), found 429
REQUEST		request_0	1624283190599	1624283190851	KO	status.find.in(200,201,202,203,204,205,206,207,208,209,304), found 429
REQUEST		request_0	1624283190605	1624283190851	KO	status.find.in(200,201,202,203,204,205,206,207,208,209,304), found 429
REQUEST		request_0	1624283190599	1624283190851	KO	status.find.in(200,201,202,203,204,205,206,207,208,209,304), found 429
REQUEST		request_0	1624283190593	1624283190851	KO	status.find.in(200,201,202,203,204,205,206,207,208,209,304), found 429
REQUEST		request_0	1624283190598	1624283190851	KO	status.find.in(200,201,202,203,204,205,206,207,208,209,304), found 429
REQUEST		request_0	1624283190594	1624283190851	KO	status.find.in(200,201,202,203,204,205,206,207,208,209,304), found 429
REQUEST		request_0	1624283190586	1624283190852	KO	status.find.in(200,201,202,203,204,205,206,207,208,209,304), found 429
REQUEST		request_0	1624283190600	1624283190852	KO	status.find.in(200,201,202,203,204,205,206,207,208,209,304), found 429
REQUEST		request_0	1624283190604	1624283190852	KO	status.find.in(200,201,202,203,204,205,206,207,208,209,304), found 429
REQUEST		request_0	1624283190587	1624283190852	KO	status.find.in(200,201,202,203,204,205,206,207,208,209,304), found 429
REQUEST		request_0	1624283190596	1624283190852	KO	status.find.in(200,201,202,203,204,205,206,207,208,209,304), found 429
REQUEST		request_0	1624283190597	1624283190853	KO	status.find.in(200,201,202,203,204,205,206,207,208,209,304), found 429
REQUEST		request_0	1624283190586	1624283190853	KO	status.find.in(200,201,202,203,204,205,206,207,208,209,304), found 429
REQUEST		request_0	1624283190600	1624283190853	KO	status.find.in(200,201,202,203,204,205,206,207,208,209,304), found 429
REQUEST		request_0	1624283190605	1624283190864	OK	 
REQUEST		request_0	1624283190606	1624283190877	KO	status.find.in(200,201,202,203,204,205,206,207,208,209,304), found 429
REQUEST		request_0 Redirect 1	1624283190809	1624283190895	KO	status.find.in(200,201,202,203,204,205,206,207,208,209,304), found 429
REQUEST		request_0 Redirect 1	1624283190812	1624283190903	OK	 
REQUEST		request_0 Redirect 1	1624283190822	1624283190914	KO	status.find.in(200,201,202,203,204,205,206,207,208,209,304), found 429
REQUEST		request_0 Redirect 1	1624283190821	1624283190914	KO	status.find.in(200,201,202,203,204,205,206,207,208,209,304), found 429
REQUEST		request_0 Redirect 1	1624283190821	1624283190915	KO	status.find.in(200,201,202,203,204,205,206,207,208,209,304), found 429
REQUEST		request_0 Redirect 1	1624283190824	1624283190915	KO	status.find.in(200,201,202,203,204,205,206,207,208,209,304), found 429
REQUEST		request_0 Redirect 1	1624283190841	1624283190948	KO	status.find.in(200,201,202,203,204,205,206,207,208,209,304), found 429
REQUEST		request_0 Redirect 1	1624283190841	1624283190958	KO	status.find.in(200,201,202,203,204,205,206,207,208,209,304), found 429
REQUEST		request_0 Redirect 1	1624283190864	1624283190959	OK	 
REQUEST		request_0 Redirect 1	1624283190830	1624283190966	KO	status.find.in(200,201,202,203,204,205,206,207,208,209,304), found 429
REQUEST		request_0 Redirect 1	1624283190832	1624283190966	KO	status.find.in(200,201,202,203,204,205,206,207,208,209,304), found 429
REQUEST		request_0 Redirect 1	1624283190833	1624283190967	KO	status.find.in(200,201,202,203,204,205,206,207,208,209,304), found 429
REQUEST		request_1	1624283190965	1624283191189	KO	status.find.in(200,201,202,203,204,205,206,207,208,209,304), found 429
REQUEST		request_2	1624283190965	1624283191190	KO	status.find.in(200,201,202,203,204,205,206,207,208,209,304), found 429
REQUEST		main.css	1624283190964	1624283191192	KO	status.find.in(200,201,202,203,204,205,206,207,208,209,304), found 429
REQUEST		main.css	1624283190964	1624283191192	KO	status.find.in(200,201,202,203,204,205,206,207,208,209,304), found 429
REQUEST		request_1	1624283190965	1624283191193	OK	 
REQUEST		bootstrap.min.css	1624283190964	1624283191272	OK	 
REQUEST		bootstrap.min.css	1624283190964	1624283191272	OK	 
REQUEST		request_2	1624283190965	1624283191434	OK	 
REQUEST		request_3	1624283194845	1624283195012	KO	status.find.in(200,201,202,203,204,205,206,207,208,209,304), found 429
REQUEST		request_3	1624283194844	1624283195018	KO	status.find.in(200,201,202,203,204,205,206,207,208,209,304), found 429
REQUEST		request_3	1624283194844	1624283195018	KO	status.find.in(200,201,202,203,204,205,206,207,208,209,304), found 429
REQUEST		request_3	1624283194845	1624283195018	KO	status.find.in(200,201,202,203,204,205,206,207,208,209,304), found 429
REQUEST		request_3	1624283194843	1624283195018	OK	 
REQUEST		request_3	1624283194843	1624283195018	KO	status.find.in(200,201,202,203,204,205,206,207,208,209,304), found 429
REQUEST		request_3	1624283194848	1624283195018	KO	status.find.in(200,201,202,203,204,205,206,207,208,209,304), found 429
REQUEST		request_3	1624283194844	1624283195019	OK	 
REQUEST		request_3	1624283194846	1624283195019	KO	status.find.in(200,201,202,203,204,205,206,207,208,209,304), found 429
REQUEST		request_3	1624283194843	1624283195019	OK	 
REQUEST		request_3	1624283194843	1624283195019	OK	 
REQUEST		request_3	1624283194843	1624283195019	OK	 
REQUEST		request_3	1624283194843	1624283195020	OK	 
REQUEST		request_3	1624283194844	1624283195020	KO	status.find.in(200,201,202,203,204,205,206,207,208,209,304), found 429
REQUEST		request_3	1624283194844	1624283195021	OK	 
REQUEST		request_3	1624283194845	1624283195023	KO	status.find.in(200,201,202,203,204,205,206,207,208,209,304), found 429
REQUEST		request_3	1624283194845	1624283195023	OK	 
REQUEST		request_3	1624283194845	1624283195028	KO	status.find.in(200,201,202,203,204,205,206,207,208,209,304), found 429
REQUEST		request_3	1624283194846	1624283195028	KO	status.find.in(200,201,202,203,204,205,206,207,208,209,304), found 429
REQUEST		request_3	1624283194847	1624283195028	KO	status.find.in(200,201,202,203,204,205,206,207,208,209,304), found 429
REQUEST		request_3	1624283194846	1624283195028	KO	status.find.in(200,201,202,203,204,205,206,207,208,209,304), found 429
REQUEST		request_3	1624283194847	1624283195029	KO	status.find.in(200,201,202,203,204,205,206,207,208,209,304), found 429
REQUEST		request_3	1624283194847	1624283195029	KO	status.find.in(200,201,202,203,204,205,206,207,208,209,304), found 429
REQUEST		request_3	1624283194848	1624283195029	KO	status.find.in(200,201,202,203,204,205,206,207,208,209,304), found 429
REQUEST		request_3	1624283194846	1624283195029	KO	status.find.in(200,201,202,203,204,205,206,207,208,209,304), found 429
REQUEST		request_3	1624283194849	1624283195029	KO	status.find.in(200,201,202,203,204,205,206,207,208,209,304), found 429
REQUEST		request_3	1624283194848	1624283195029	KO	status.find.in(200,201,202,203,204,205,206,207,208,209,304), found 429
REQUEST		request_3	1624283194849	1624283195029	KO	status.find.in(200,201,202,203,204,205,206,207,208,209,304), found 429
REQUEST		request_3	1624283194847	1624283195029	KO	status.find.in(200,201,202,203,204,205,206,207,208,209,304), found 429
REQUEST		request_3	1624283194847	1624283195029	KO	status.find.in(200,201,202,203,204,205,206,207,208,209,304), found 429
REQUEST		request_3	1624283194844	1624283195030	OK	 
REQUEST		request_3	1624283194850	1624283195030	KO	status.find.in(200,201,202,203,204,205,206,207,208,209,304), found 429
REQUEST		request_3	1624283194850	1624283195030	KO	status.find.in(200,201,202,203,204,205,206,207,208,209,304), found 429
REQUEST		request_3	1624283194918	1624283195030	KO	status.find.in(200,201,202,203,204,205,206,207,208,209,304), found 429
REQUEST		request_3	1624283194850	1624283195030	KO	status.find.in(200,201,202,203,204,205,206,207,208,209,304), found 429
REQUEST		request_3	1624283194918	1624283195030	KO	status.find.in(200,201,202,203,204,205,206,207,208,209,304), found 429
REQUEST		request_3	1624283194843	1624283195030	KO	status.find.in(200,201,202,203,204,205,206,207,208,209,304), found 429
REQUEST		request_3	1624283194844	1624283195028	OK	 
REQUEST		request_3	1624283194920	1624283195030	KO	status.find.in(200,201,202,203,204,205,206,207,208,209,304), found 429
REQUEST		request_3	1624283194847	1624283195030	KO	status.find.in(200,201,202,203,204,205,206,207,208,209,304), found 429
REQUEST		request_3	1624283194843	1624283195030	OK	 
REQUEST		request_3	1624283194897	1624283195031	KO	status.find.in(200,201,202,203,204,205,206,207,208,209,304), found 429
REQUEST		request_3	1624283194846	1624283195032	KO	status.find.in(200,201,202,203,204,205,206,207,208,209,304), found 429
REQUEST		request_3	1624283194845	1624283195033	KO	status.find.in(200,201,202,203,204,205,206,207,208,209,304), found 429
REQUEST		request_3	1624283194846	1624283195033	KO	status.find.in(200,201,202,203,204,205,206,207,208,209,304), found 429
REQUEST		request_3	1624283194849	1624283195033	KO	status.find.in(200,201,202,203,204,205,206,207,208,209,304), found 429
REQUEST		request_3	1624283194850	1624283195034	KO	status.find.in(200,201,202,203,204,205,206,207,208,209,304), found 429
REQUEST		request_3	1624283194847	1624283195034	KO	status.find.in(200,201,202,203,204,205,206,207,208,209,304), found 429
REQUEST		request_3	1624283194850	1624283195036	KO	status.find.in(200,201,202,203,204,205,206,207,208,209,304), found 429
REQUEST		request_3	1624283194846	1624283195036	KO	status.find.in(200,201,202,203,204,205,206,207,208,209,304), found 429
REQUEST		request_3	1624283194846	1624283195036	KO	status.find.in(200,201,202,203,204,205,206,207,208,209,304), found 429
REQUEST		request_3	1624283194845	1624283195036	KO	status.find.in(200,201,202,203,204,205,206,207,208,209,304), found 429
REQUEST		request_3	1624283194850	1624283195037	KO	status.find.in(200,201,202,203,204,205,206,207,208,209,304), found 429
REQUEST		request_3	1624283194848	1624283195037	KO	status.find.in(200,201,202,203,204,205,206,207,208,209,304), found 429
REQUEST		request_3	1624283194848	1624283195037	KO	status.find.in(200,201,202,203,204,205,206,207,208,209,304), found 429
REQUEST		request_3	1624283194853	1624283195037	KO	status.find.in(200,201,202,203,204,205,206,207,208,209,304), found 429
REQUEST		request_3	1624283194920	1624283195037	KO	status.find.in(200,201,202,203,204,205,206,207,208,209,304), found 429
REQUEST		request_3	1624283194848	1624283195036	KO	status.find.in(200,201,202,203,204,205,206,207,208,209,304), found 429
REQUEST		request_3	1624283194847	1624283195037	KO	status.find.in(200,201,202,203,204,205,206,207,208,209,304), found 429
REQUEST		request_3	1624283194850	1624283195036	KO	status.find.in(200,201,202,203,204,205,206,207,208,209,304), found 429
REQUEST		request_3	1624283194849	1624283195037	KO	status.find.in(200,201,202,203,204,205,206,207,208,209,304), found 429
REQUEST		request_3	1624283194854	1624283195037	KO	status.find.in(200,201,202,203,204,205,206,207,208,209,304), found 429
REQUEST		request_3	1624283194848	1624283195037	KO	status.find.in(200,201,202,203,204,205,206,207,208,209,304), found 429
REQUEST		request_3	1624283194849	1624283195037	KO	status.find.in(200,201,202,203,204,205,206,207,208,209,304), found 429
REQUEST		request_3	1624283194852	1624283195037	KO	status.find.in(200,201,202,203,204,205,206,207,208,209,304), found 429
REQUEST		request_3	1624283194883	1624283195037	KO	status.find.in(200,201,202,203,204,205,206,207,208,209,304), found 429
REQUEST		request_3	1624283194848	1624283195037	KO	status.find.in(200,201,202,203,204,205,206,207,208,209,304), found 429
REQUEST		request_3	1624283194848	1624283195037	KO	status.find.in(200,201,202,203,204,205,206,207,208,209,304), found 429
REQUEST		request_3	1624283194851	1624283195037	KO	status.find.in(200,201,202,203,204,205,206,207,208,209,304), found 429
REQUEST		request_3	1624283194852	1624283195036	KO	status.find.in(200,201,202,203,204,205,206,207,208,209,304), found 429
REQUEST		request_3	1624283194848	1624283195038	KO	status.find.in(200,201,202,203,204,205,206,207,208,209,304), found 429
REQUEST		request_3	1624283194849	1624283195038	KO	status.find.in(200,201,202,203,204,205,206,207,208,209,304), found 429
REQUEST		request_3	1624283194849	1624283195038	KO	status.find.in(200,201,202,203,204,205,206,207,208,209,304), found 429
REQUEST		request_3	1624283194851	1624283195038	KO	status.find.in(200,201,202,203,204,205,206,207,208,209,304), found 429
REQUEST		request_3	1624283194852	1624283195039	KO	status.find.in(200,201,202,203,204,205,206,207,208,209,304), found 429
REQUEST		request_3	1624283194852	1624283195042	KO	status.find.in(200,201,202,203,204,205,206,207,208,209,304), found 429
REQUEST		request_3	1624283194855	1624283195042	KO	status.find.in(200,201,202,203,204,205,206,207,208,209,304), found 429
REQUEST		request_3	1624283194852	1624283195042	KO	status.find.in(200,201,202,203,204,205,206,207,208,209,304), found 429
REQUEST		request_3	1624283194853	1624283195042	KO	status.find.in(200,201,202,203,204,205,206,207,208,209,304), found 429
REQUEST		request_3	1624283194851	1624283195042	KO	status.find.in(200,201,202,203,204,205,206,207,208,209,304), found 429
REQUEST		request_3	1624283194852	1624283195042	KO	status.find.in(200,201,202,203,204,205,206,207,208,209,304), found 429
REQUEST		request_3	1624283194852	1624283195042	KO	status.find.in(200,201,202,203,204,205,206,207,208,209,304), found 429
REQUEST		request_3	1624283194853	1624283195043	KO	status.find.in(200,201,202,203,204,205,206,207,208,209,304), found 429
REQUEST		request_3	1624283194853	1624283195043	KO	status.find.in(200,201,202,203,204,205,206,207,208,209,304), found 429
REQUEST		request_3	1624283194854	1624283195043	KO	status.find.in(200,201,202,203,204,205,206,207,208,209,304), found 429
REQUEST		request_3	1624283194853	1624283195043	KO	status.find.in(200,201,202,203,204,205,206,207,208,209,304), found 429
REQUEST		request_3	1624283194856	1624283195043	KO	status.find.in(200,201,202,203,204,205,206,207,208,209,304), found 429
REQUEST		request_3	1624283194853	1624283195043	KO	status.find.in(200,201,202,203,204,205,206,207,208,209,304), found 429
REQUEST		request_3	1624283194855	1624283195043	KO	status.find.in(200,201,202,203,204,205,206,207,208,209,304), found 429
REQUEST		request_3	1624283194854	1624283195044	KO	status.find.in(200,201,202,203,204,205,206,207,208,209,304), found 429
REQUEST		request_3	1624283194855	1624283195044	KO	status.find.in(200,201,202,203,204,205,206,207,208,209,304), found 429
REQUEST		request_3	1624283194854	1624283195044	KO	status.find.in(200,201,202,203,204,205,206,207,208,209,304), found 429
REQUEST		request_3	1624283194853	1624283195044	KO	status.find.in(200,201,202,203,204,205,206,207,208,209,304), found 429
REQUEST		request_3	1624283194952	1624283195061	KO	status.find.in(200,201,202,203,204,205,206,207,208,209,304), found 429
REQUEST		request_3	1624283194964	1624283195062	KO	status.find.in(200,201,202,203,204,205,206,207,208,209,304), found 429
REQUEST		request_3	1624283194969	1624283195066	KO	status.find.in(200,201,202,203,204,205,206,207,208,209,304), found 429
REQUEST		request_3	1624283194971	1624283195067	KO	status.find.in(200,201,202,203,204,205,206,207,208,209,304), found 429
REQUEST		request_3	1624283194970	1624283195067	OK	 
REQUEST		bootstrap.min.css	1624283195025	1624283195124	KO	status.find.in(200,201,202,203,204,205,206,207,208,209,304), found 429
REQUEST		bootstrap.min.css	1624283195024	1624283195128	KO	status.find.in(200,201,202,203,204,205,206,207,208,209,304), found 429
REQUEST		bootstrap.min.css	1624283195027	1624283195128	KO	status.find.in(200,201,202,203,204,205,206,207,208,209,304), found 429
REQUEST		bootstrap.min.css	1624283195027	1624283195128	KO	status.find.in(200,201,202,203,204,205,206,207,208,209,304), found 429
REQUEST		bootstrap.min.css	1624283195027	1624283195128	KO	status.find.in(200,201,202,203,204,205,206,207,208,209,304), found 429
REQUEST		bootstrap.min.css	1624283195026	1624283195128	KO	status.find.in(200,201,202,203,204,205,206,207,208,209,304), found 429
REQUEST		bootstrap.min.css	1624283195024	1624283195128	KO	status.find.in(200,201,202,203,204,205,206,207,208,209,304), found 429
REQUEST		bootstrap.min.css	1624283195034	1624283195142	KO	status.find.in(200,201,202,203,204,205,206,207,208,209,304), found 429
REQUEST		bootstrap.min.css	1624283195034	1624283195142	KO	status.find.in(200,201,202,203,204,205,206,207,208,209,304), found 429
REQUEST		bootstrap.min.css	1624283195034	1624283195144	KO	status.find.in(200,201,202,203,204,205,206,207,208,209,304), found 429
REQUEST		bootstrap.min.css	1624283195070	1624283195163	KO	status.find.in(200,201,202,203,204,205,206,207,208,209,304), found 429
REQUEST		request_4	1624283195026	1624283195225	OK	 
REQUEST		main.css	1624283195025	1624283195236	KO	status.find.in(200,201,202,203,204,205,206,207,208,209,304), found 429
REQUEST		main.css	1624283195028	1624283195236	KO	status.find.in(200,201,202,203,204,205,206,207,208,209,304), found 429
REQUEST		request_5	1624283195027	1624283195244	KO	status.find.in(200,201,202,203,204,205,206,207,208,209,304), found 429
REQUEST		request_5	1624283195026	1624283195244	KO	status.find.in(200,201,202,203,204,205,206,207,208,209,304), found 429
REQUEST		request_5	1624283195031	1624283195249	KO	status.find.in(200,201,202,203,204,205,206,207,208,209,304), found 429
REQUEST		request_5	1624283195035	1624283195249	KO	status.find.in(200,201,202,203,204,205,206,207,208,209,304), found 429
REQUEST		request_4	1624283195027	1624283195249	KO	status.find.in(200,201,202,203,204,205,206,207,208,209,304), found 429
REQUEST		request_4	1624283195035	1624283195249	KO	status.find.in(200,201,202,203,204,205,206,207,208,209,304), found 429
REQUEST		request_4	1624283195035	1624283195249	KO	status.find.in(200,201,202,203,204,205,206,207,208,209,304), found 429
REQUEST		request_5	1624283195035	1624283195250	KO	status.find.in(200,201,202,203,204,205,206,207,208,209,304), found 429
REQUEST		request_5	1624283195027	1624283195250	KO	status.find.in(200,201,202,203,204,205,206,207,208,209,304), found 429
REQUEST		request_4	1624283195071	1624283195273	KO	status.find.in(200,201,202,203,204,205,206,207,208,209,304), found 429
REQUEST		request_5	1624283195028	1624283195273	KO	status.find.in(200,201,202,203,204,205,206,207,208,209,304), found 429
REQUEST		main.css	1624283195028	1624283195274	KO	status.find.in(200,201,202,203,204,205,206,207,208,209,304), found 429
REQUEST		request_5	1624283195035	1624283195273	KO	status.find.in(200,201,202,203,204,205,206,207,208,209,304), found 429
REQUEST		main.css	1624283195034	1624283195274	KO	status.find.in(200,201,202,203,204,205,206,207,208,209,304), found 429
REQUEST		main.css	1624283195025	1624283195273	KO	status.find.in(200,201,202,203,204,205,206,207,208,209,304), found 429
REQUEST		request_4	1624283195030	1624283195273	KO	status.find.in(200,201,202,203,204,205,206,207,208,209,304), found 429
REQUEST		main.css	1624283195026	1624283195274	KO	status.find.in(200,201,202,203,204,205,206,207,208,209,304), found 429
REQUEST		main.css	1624283195034	1624283195274	KO	status.find.in(200,201,202,203,204,205,206,207,208,209,304), found 429
REQUEST		main.css	1624283195025	1624283195274	KO	status.find.in(200,201,202,203,204,205,206,207,208,209,304), found 429
REQUEST		request_4	1624283195028	1624283195275	KO	status.find.in(200,201,202,203,204,205,206,207,208,209,304), found 429
REQUEST		request_5	1624283195031	1624283195275	KO	status.find.in(200,201,202,203,204,205,206,207,208,209,304), found 429
REQUEST		request_4	1624283195026	1624283195275	KO	status.find.in(200,201,202,203,204,205,206,207,208,209,304), found 429
REQUEST		request_4	1624283195026	1624283195276	KO	status.find.in(200,201,202,203,204,205,206,207,208,209,304), found 429
REQUEST		request_4	1624283195027	1624283195275	KO	status.find.in(200,201,202,203,204,205,206,207,208,209,304), found 429
REQUEST		main.css	1624283195027	1624283195276	KO	status.find.in(200,201,202,203,204,205,206,207,208,209,304), found 429
REQUEST		main.css	1624283195034	1624283195276	KO	status.find.in(200,201,202,203,204,205,206,207,208,209,304), found 429
REQUEST		main.css	1624283195026	1624283195277	KO	status.find.in(200,201,202,203,204,205,206,207,208,209,304), found 429
REQUEST		request_5	1624283195029	1624283195277	KO	status.find.in(200,201,202,203,204,205,206,207,208,209,304), found 429
REQUEST		request_4	1624283195028	1624283195277	KO	status.find.in(200,201,202,203,204,205,206,207,208,209,304), found 429
REQUEST		request_4	1624283195035	1624283195278	KO	status.find.in(200,201,202,203,204,205,206,207,208,209,304), found 429
REQUEST		bootstrap.min.css	1624283195025	1624283195319	OK	 
REQUEST		main.css	1624283195070	1624283195326	OK	 
REQUEST		request_5	1624283195026	1624283195399	OK	 
REQUEST		request_3	1624283195283	1624283195400	OK	 
REQUEST		request_4	1624283195407	1624283195503	OK	 
REQUEST		main.css	1624283195406	1624283195506	KO	status.find.in(200,201,202,203,204,205,206,207,208,209,304), found 429
REQUEST		request_5	1624283195071	1624283195513	OK	 
REQUEST		request_3	1624283195437	1624283195532	KO	status.find.in(200,201,202,203,204,205,206,207,208,209,304), found 429
REQUEST		request_5	1624283195407	1624283195736	OK	 
REQUEST		bootstrap.min.css	1624283195405	1624283195745	OK	 
REQUEST		request_6	1624283208020	1624283208124	OK	 
REQUEST		request_6	1624283208020	1624283208123	OK	 
REQUEST		request_6	1624283208021	1624283208124	OK	 
REQUEST		request_6	1624283208034	1624283208130	KO	status.find.in(200,201,202,203,204,205,206,207,208,209,304), found 429
REQUEST		request_6	1624283208033	1624283208130	KO	status.find.in(200,201,202,203,204,205,206,207,208,209,304), found 429
REQUEST		request_6	1624283208020	1624283208130	OK	 
REQUEST		request_6	1624283208034	1624283208130	KO	status.find.in(200,201,202,203,204,205,206,207,208,209,304), found 429
REQUEST		request_6	1624283208032	1624283208131	KO	status.find.in(200,201,202,203,204,205,206,207,208,209,304), found 429
REQUEST		request_6	1624283208019	1624283208131	OK	 
REQUEST		request_6	1624283208020	1624283208131	OK	 
REQUEST		request_6	1624283208034	1624283208138	KO	status.find.in(200,201,202,203,204,205,206,207,208,209,304), found 429
REQUEST		request_6	1624283208035	1624283208140	KO	status.find.in(200,201,202,203,204,205,206,207,208,209,304), found 429
REQUEST		request_6	1624283208032	1624283208142	KO	status.find.in(200,201,202,203,204,205,206,207,208,209,304), found 429
REQUEST		request_6	1624283208032	1624283208142	KO	status.find.in(200,201,202,203,204,205,206,207,208,209,304), found 429
REQUEST		request_6	1624283208025	1624283208142	OK	 
REQUEST		request_6	1624283208033	1624283208142	KO	status.find.in(200,201,202,203,204,205,206,207,208,209,304), found 429
REQUEST		request_6	1624283208034	1624283208142	KO	status.find.in(200,201,202,203,204,205,206,207,208,209,304), found 429
REQUEST		request_6	1624283208034	1624283208143	KO	status.find.in(200,201,202,203,204,205,206,207,208,209,304), found 429
REQUEST		request_6	1624283208021	1624283208143	OK	 
REQUEST		request_6	1624283208020	1624283208143	OK	 
REQUEST		request_6	1624283208034	1624283208143	OK	 
REQUEST		request_6	1624283208034	1624283208143	KO	status.find.in(200,201,202,203,204,205,206,207,208,209,304), found 429
REQUEST		request_6	1624283208038	1624283208143	KO	status.find.in(200,201,202,203,204,205,206,207,208,209,304), found 429
REQUEST		request_6	1624283208038	1624283208143	KO	status.find.in(200,201,202,203,204,205,206,207,208,209,304), found 429
REQUEST		request_6	1624283208038	1624283208143	KO	status.find.in(200,201,202,203,204,205,206,207,208,209,304), found 429
REQUEST		request_6	1624283208039	1624283208144	KO	status.find.in(200,201,202,203,204,205,206,207,208,209,304), found 429
REQUEST		request_6	1624283208039	1624283208144	KO	status.find.in(200,201,202,203,204,205,206,207,208,209,304), found 429
REQUEST		request_6	1624283208035	1624283208143	KO	status.find.in(200,201,202,203,204,205,206,207,208,209,304), found 429
REQUEST		request_6	1624283208039	1624283208144	KO	status.find.in(200,201,202,203,204,205,206,207,208,209,304), found 429
REQUEST		request_6	1624283208039	1624283208144	KO	status.find.in(200,201,202,203,204,205,206,207,208,209,304), found 429
REQUEST		request_6	1624283208039	1624283208144	KO	status.find.in(200,201,202,203,204,205,206,207,208,209,304), found 429
REQUEST		request_6	1624283208035	1624283208144	KO	status.find.in(200,201,202,203,204,205,206,207,208,209,304), found 429
REQUEST		request_6	1624283208039	1624283208144	KO	status.find.in(200,201,202,203,204,205,206,207,208,209,304), found 429
REQUEST		request_6	1624283208039	1624283208145	KO	status.find.in(200,201,202,203,204,205,206,207,208,209,304), found 429
REQUEST		request_6	1624283208038	1624283208146	KO	status.find.in(200,201,202,203,204,205,206,207,208,209,304), found 429
REQUEST		request_6	1624283208040	1624283208147	KO	status.find.in(200,201,202,203,204,205,206,207,208,209,304), found 429
REQUEST		request_6	1624283208040	1624283208147	KO	status.find.in(200,201,202,203,204,205,206,207,208,209,304), found 429
REQUEST		request_6	1624283208040	1624283208147	KO	status.find.in(200,201,202,203,204,205,206,207,208,209,304), found 429
REQUEST		request_6	1624283208040	1624283208148	KO	status.find.in(200,201,202,203,204,205,206,207,208,209,304), found 429
REQUEST		request_6	1624283208041	1624283208148	KO	status.find.in(200,201,202,203,204,205,206,207,208,209,304), found 429
REQUEST		request_6	1624283208032	1624283208148	KO	status.find.in(200,201,202,203,204,205,206,207,208,209,304), found 429
REQUEST		request_6	1624283208032	1624283208148	KO	status.find.in(200,201,202,203,204,205,206,207,208,209,304), found 429
REQUEST		request_6	1624283208041	1624283208148	KO	status.find.in(200,201,202,203,204,205,206,207,208,209,304), found 429
REQUEST		request_6	1624283208034	1624283208148	KO	status.find.in(200,201,202,203,204,205,206,207,208,209,304), found 429
REQUEST		request_6	1624283208034	1624283208148	KO	status.find.in(200,201,202,203,204,205,206,207,208,209,304), found 429
REQUEST		request_6	1624283208041	1624283208148	KO	status.find.in(200,201,202,203,204,205,206,207,208,209,304), found 429
REQUEST		request_6	1624283208037	1624283208148	KO	status.find.in(200,201,202,203,204,205,206,207,208,209,304), found 429
REQUEST		request_6	1624283208038	1624283208149	KO	status.find.in(200,201,202,203,204,205,206,207,208,209,304), found 429
REQUEST		request_6	1624283208040	1624283208149	KO	status.find.in(200,201,202,203,204,205,206,207,208,209,304), found 429
REQUEST		request_6	1624283208040	1624283208149	KO	status.find.in(200,201,202,203,204,205,206,207,208,209,304), found 429
REQUEST		request_6	1624283208040	1624283208149	KO	status.find.in(200,201,202,203,204,205,206,207,208,209,304), found 429
REQUEST		request_6	1624283208038	1624283208149	KO	status.find.in(200,201,202,203,204,205,206,207,208,209,304), found 429
REQUEST		request_6	1624283208040	1624283208149	KO	status.find.in(200,201,202,203,204,205,206,207,208,209,304), found 429
REQUEST		request_6	1624283208044	1624283208149	KO	status.find.in(200,201,202,203,204,205,206,207,208,209,304), found 429
REQUEST		request_6	1624283208040	1624283208149	KO	status.find.in(200,201,202,203,204,205,206,207,208,209,304), found 429
REQUEST		request_6	1624283208044	1624283208149	KO	status.find.in(200,201,202,203,204,205,206,207,208,209,304), found 429
REQUEST		request_6	1624283208034	1624283208149	KO	status.find.in(200,201,202,203,204,205,206,207,208,209,304), found 429
REQUEST		request_6	1624283208041	1624283208149	KO	status.find.in(200,201,202,203,204,205,206,207,208,209,304), found 429
REQUEST		request_6	1624283208044	1624283208149	KO	status.find.in(200,201,202,203,204,205,206,207,208,209,304), found 429
REQUEST		request_6	1624283208044	1624283208150	KO	status.find.in(200,201,202,203,204,205,206,207,208,209,304), found 429
REQUEST		request_6	1624283208044	1624283208150	KO	status.find.in(200,201,202,203,204,205,206,207,208,209,304), found 429
REQUEST		request_6	1624283208044	1624283208150	KO	status.find.in(200,201,202,203,204,205,206,207,208,209,304), found 429
REQUEST		request_6	1624283208044	1624283208150	KO	status.find.in(200,201,202,203,204,205,206,207,208,209,304), found 429
REQUEST		request_6	1624283208044	1624283208150	KO	status.find.in(200,201,202,203,204,205,206,207,208,209,304), found 429
REQUEST		request_6	1624283208034	1624283208151	KO	status.find.in(200,201,202,203,204,205,206,207,208,209,304), found 429
REQUEST		request_6	1624283208038	1624283208151	KO	status.find.in(200,201,202,203,204,205,206,207,208,209,304), found 429
REQUEST		request_6	1624283208032	1624283208151	OK	 
REQUEST		request_6	1624283208039	1624283208152	KO	status.find.in(200,201,202,203,204,205,206,207,208,209,304), found 429
REQUEST		request_6	1624283208038	1624283208155	KO	status.find.in(200,201,202,203,204,205,206,207,208,209,304), found 429
REQUEST		request_6	1624283208044	1624283208156	KO	status.find.in(200,201,202,203,204,205,206,207,208,209,304), found 429
REQUEST		request_6	1624283208040	1624283208166	KO	status.find.in(200,201,202,203,204,205,206,207,208,209,304), found 429
REQUEST		request_6	1624283208044	1624283208166	KO	status.find.in(200,201,202,203,204,205,206,207,208,209,304), found 429
REQUEST		request_6	1624283208044	1624283208166	KO	status.find.in(200,201,202,203,204,205,206,207,208,209,304), found 429
REQUEST		request_6	1624283208041	1624283208166	KO	status.find.in(200,201,202,203,204,205,206,207,208,209,304), found 429
REQUEST		request_6	1624283208044	1624283208166	KO	status.find.in(200,201,202,203,204,205,206,207,208,209,304), found 429
REQUEST		request_6	1624283208045	1624283208166	KO	status.find.in(200,201,202,203,204,205,206,207,208,209,304), found 429
REQUEST		request_6	1624283208045	1624283208166	KO	status.find.in(200,201,202,203,204,205,206,207,208,209,304), found 429
REQUEST		request_6	1624283208045	1624283208166	KO	status.find.in(200,201,202,203,204,205,206,207,208,209,304), found 429
REQUEST		request_6	1624283208041	1624283208166	KO	status.find.in(200,201,202,203,204,205,206,207,208,209,304), found 429
REQUEST		request_6	1624283208045	1624283208166	KO	status.find.in(200,201,202,203,204,205,206,207,208,209,304), found 429
REQUEST		request_6	1624283208066	1624283208200	KO	status.find.in(200,201,202,203,204,205,206,207,208,209,304), found 429
REQUEST		request_6	1624283208046	1624283208201	KO	status.find.in(200,201,202,203,204,205,206,207,208,209,304), found 429
REQUEST		request_6	1624283208046	1624283208201	KO	status.find.in(200,201,202,203,204,205,206,207,208,209,304), found 429
REQUEST		request_6	1624283208071	1624283208201	KO	status.find.in(200,201,202,203,204,205,206,207,208,209,304), found 429
REQUEST		request_6	1624283208066	1624283208201	OK	 
REQUEST		request_6	1624283208072	1624283208202	KO	status.find.in(200,201,202,203,204,205,206,207,208,209,304), found 429
REQUEST		bootstrap.min.css	1624283208133	1624283208229	KO	status.find.in(200,201,202,203,204,205,206,207,208,209,304), found 429
REQUEST		bootstrap.min.css	1624283208134	1624283208229	KO	status.find.in(200,201,202,203,204,205,206,207,208,209,304), found 429
REQUEST		bootstrap.min.css	1624283208133	1624283208228	KO	status.find.in(200,201,202,203,204,205,206,207,208,209,304), found 429
REQUEST		bootstrap.min.css	1624283208135	1624283208261	KO	status.find.in(200,201,202,203,204,205,206,207,208,209,304), found 429
REQUEST		bootstrap.min.css	1624283208146	1624283208262	KO	status.find.in(200,201,202,203,204,205,206,207,208,209,304), found 429
REQUEST		bootstrap.min.css	1624283208146	1624283208263	KO	status.find.in(200,201,202,203,204,205,206,207,208,209,304), found 429
REQUEST		bootstrap.min.css	1624283208134	1624283208264	KO	status.find.in(200,201,202,203,204,205,206,207,208,209,304), found 429
REQUEST		bootstrap.min.css	1624283208146	1624283208264	KO	status.find.in(200,201,202,203,204,205,206,207,208,209,304), found 429
REQUEST		bootstrap.min.css	1624283208149	1624283208308	KO	status.find.in(200,201,202,203,204,205,206,207,208,209,304), found 429
REQUEST		bootstrap.min.css	1624283208204	1624283208313	KO	status.find.in(200,201,202,203,204,205,206,207,208,209,304), found 429
REQUEST		request_7	1624283208137	1624283208371	KO	status.find.in(200,201,202,203,204,205,206,207,208,209,304), found 429
REQUEST		request_7	1624283208138	1624283208376	OK	 
REQUEST		main.css	1624283208135	1624283208381	KO	status.find.in(200,201,202,203,204,205,206,207,208,209,304), found 429
REQUEST		request_7	1624283208137	1624283208381	KO	status.find.in(200,201,202,203,204,205,206,207,208,209,304), found 429
REQUEST		request_7	1624283208139	1624283208423	OK	 
REQUEST		main.css	1624283208137	1624283208433	KO	status.find.in(200,201,202,203,204,205,206,207,208,209,304), found 429
REQUEST		main.css	1624283208134	1624283208433	KO	status.find.in(200,201,202,203,204,205,206,207,208,209,304), found 429
REQUEST		main.css	1624283208138	1624283208433	KO	status.find.in(200,201,202,203,204,205,206,207,208,209,304), found 429
REQUEST		request_8	1624283208139	1624283208433	KO	status.find.in(200,201,202,203,204,205,206,207,208,209,304), found 429
REQUEST		request_8	1624283208139	1624283208434	KO	status.find.in(200,201,202,203,204,205,206,207,208,209,304), found 429
REQUEST		request_8	1624283208139	1624283208434	KO	status.find.in(200,201,202,203,204,205,206,207,208,209,304), found 429
REQUEST		bootstrap.min.css	1624283208134	1624283208435	OK	 
REQUEST		request_7	1624283208138	1624283208436	KO	status.find.in(200,201,202,203,204,205,206,207,208,209,304), found 429
REQUEST		request_6	1624283208280	1624283208436	KO	status.find.in(200,201,202,203,204,205,206,207,208,209,304), found 429
REQUEST		request_6	1624283208279	1624283208436	KO	status.find.in(200,201,202,203,204,205,206,207,208,209,304), found 429
REQUEST		request_6	1624283208283	1624283208436	KO	status.find.in(200,201,202,203,204,205,206,207,208,209,304), found 429
REQUEST		request_6	1624283208279	1624283208436	KO	status.find.in(200,201,202,203,204,205,206,207,208,209,304), found 429
REQUEST		request_6	1624283208279	1624283208436	KO	status.find.in(200,201,202,203,204,205,206,207,208,209,304), found 429
REQUEST		request_6	1624283208279	1624283208436	KO	status.find.in(200,201,202,203,204,205,206,207,208,209,304), found 429
REQUEST		request_6	1624283208278	1624283208437	KO	status.find.in(200,201,202,203,204,205,206,207,208,209,304), found 429
REQUEST		request_8	1624283208147	1624283208437	KO	status.find.in(200,201,202,203,204,205,206,207,208,209,304), found 429
REQUEST		request_7	1624283208147	1624283208437	KO	status.find.in(200,201,202,203,204,205,206,207,208,209,304), found 429
REQUEST		request_8	1624283208150	1624283208437	KO	status.find.in(200,201,202,203,204,205,206,207,208,209,304), found 429
REQUEST		request_6	1624283208283	1624283208437	KO	status.find.in(200,201,202,203,204,205,206,207,208,209,304), found 429
REQUEST		request_8	1624283208140	1624283208437	KO	status.find.in(200,201,202,203,204,205,206,207,208,209,304), found 429
REQUEST		request_7	1624283208147	1624283208437	KO	status.find.in(200,201,202,203,204,205,206,207,208,209,304), found 429
REQUEST		request_8	1624283208147	1624283208437	KO	status.find.in(200,201,202,203,204,205,206,207,208,209,304), found 429
REQUEST		main.css	1624283208154	1624283208437	KO	status.find.in(200,201,202,203,204,205,206,207,208,209,304), found 429
REQUEST		request_6	1624283208324	1624283208438	KO	status.find.in(200,201,202,203,204,205,206,207,208,209,304), found 429
REQUEST		main.css	1624283208205	1624283208438	KO	status.find.in(200,201,202,203,204,205,206,207,208,209,304), found 429
REQUEST		main.css	1624283208134	1624283208438	KO	status.find.in(200,201,202,203,204,205,206,207,208,209,304), found 429
REQUEST		main.css	1624283208134	1624283208438	KO	status.find.in(200,201,202,203,204,205,206,207,208,209,304), found 429
REQUEST		main.css	1624283208146	1624283208438	KO	status.find.in(200,201,202,203,204,205,206,207,208,209,304), found 429
REQUEST		request_6	1624283208278	1624283208438	KO	status.find.in(200,201,202,203,204,205,206,207,208,209,304), found 429
REQUEST		request_8	1624283208147	1624283208438	KO	status.find.in(200,201,202,203,204,205,206,207,208,209,304), found 429
REQUEST		request_7	1624283208206	1624283208438	KO	status.find.in(200,201,202,203,204,205,206,207,208,209,304), found 429
REQUEST		request_8	1624283208206	1624283208439	KO	status.find.in(200,201,202,203,204,205,206,207,208,209,304), found 429
REQUEST		request_7	1624283208138	1624283208439	KO	status.find.in(200,201,202,203,204,205,206,207,208,209,304), found 429
REQUEST		main.css	1624283208146	1624283208446	KO	status.find.in(200,201,202,203,204,205,206,207,208,209,304), found 429
REQUEST		main.css	1624283208149	1624283208446	KO	status.find.in(200,201,202,203,204,205,206,207,208,209,304), found 429
REQUEST		request_8	1624283208140	1624283208446	KO	status.find.in(200,201,202,203,204,205,206,207,208,209,304), found 429
REQUEST		main.css	1624283208146	1624283208446	KO	status.find.in(200,201,202,203,204,205,206,207,208,209,304), found 429
REQUEST		request_7	1624283208150	1624283208447	KO	status.find.in(200,201,202,203,204,205,206,207,208,209,304), found 429
REQUEST		request_7	1624283208147	1624283208447	KO	status.find.in(200,201,202,203,204,205,206,207,208,209,304), found 429
REQUEST		request_8	1624283208154	1624283208447	KO	status.find.in(200,201,202,203,204,205,206,207,208,209,304), found 429
REQUEST		request_7	1624283208154	1624283208482	KO	status.find.in(200,201,202,203,204,205,206,207,208,209,304), found 429
REQUEST		bootstrap.min.css	1624283208153	1624283208541	OK	 
REQUEST		request_6	1624283208405	1624283208541	OK	 
REQUEST		request_8	1624283208140	1624283208614	OK	 
REQUEST		request_6	1624283208520	1624283208616	OK	 
REQUEST		request_6	1624283208535	1624283208629	OK	 
REQUEST		request_7	1624283208545	1624283208652	KO	status.find.in(200,201,202,203,204,205,206,207,208,209,304), found 429
REQUEST		bootstrap.min.css	1624283208545	1624283208661	KO	status.find.in(200,201,202,203,204,205,206,207,208,209,304), found 429
REQUEST		main.css	1624283208545	1624283208668	KO	status.find.in(200,201,202,203,204,205,206,207,208,209,304), found 429
REQUEST		request_7	1624283208619	1624283208724	KO	status.find.in(200,201,202,203,204,205,206,207,208,209,304), found 429
REQUEST		bootstrap.min.css	1624283208619	1624283208728	KO	status.find.in(200,201,202,203,204,205,206,207,208,209,304), found 429
REQUEST		bootstrap.min.css	1624283208633	1624283208728	KO	status.find.in(200,201,202,203,204,205,206,207,208,209,304), found 429
REQUEST		main.css	1624283208619	1624283208729	OK	 
REQUEST		request_7	1624283208634	1624283208770	OK	 
REQUEST		main.css	1624283208634	1624283208771	KO	status.find.in(200,201,202,203,204,205,206,207,208,209,304), found 429
REQUEST		request_8	1624283208635	1624283208772	KO	status.find.in(200,201,202,203,204,205,206,207,208,209,304), found 429
REQUEST		request_6	1624283208749	1624283208899	OK	 
REQUEST		request_8	1624283208546	1624283208990	OK	 
REQUEST		main.css	1624283208903	1624283209012	OK	 
REQUEST		request_8	1624283208619	1624283209019	OK	 
REQUEST		request_7	1624283208904	1624283209019	KO	status.find.in(200,201,202,203,204,205,206,207,208,209,304), found 429
REQUEST		request_8	1624283208904	1624283209205	OK	 
REQUEST		bootstrap.min.css	1624283208903	1624283209226	OK	 
REQUEST		request_9	1624283211139	1624283211236	OK	 
REQUEST		request_9	1624283211139	1624283211244	OK	 
REQUEST		request_9	1624283211139	1624283211244	OK	 
REQUEST		request_9	1624283211147	1624283211275	KO	status.find.in(200,201,202,203,204,205,206,207,208,209,304), found 429
USER	RecordedSimulation	END	1624283211278
REQUEST		request_9	1624283211147	1624283211298	KO	status.find.in(200,201,202,203,204,205,206,207,208,209,304), found 429
REQUEST		request_9	1624283211145	1624283211298	KO	status.find.in(200,201,202,203,204,205,206,207,208,209,304), found 429
REQUEST		request_9	1624283211151	1624283211298	KO	status.find.in(200,201,202,203,204,205,206,207,208,209,304), found 429
REQUEST		request_9	1624283211141	1624283211298	OK	 
REQUEST		request_9	1624283211143	1624283211298	OK	 
REQUEST		request_9	1624283211141	1624283211298	OK	 
REQUEST		request_9	1624283211147	1624283211298	OK	 
REQUEST		request_9	1624283211148	1624283211299	KO	status.find.in(200,201,202,203,204,205,206,207,208,209,304), found 429
REQUEST		request_9	1624283211148	1624283211298	OK	 
REQUEST		request_9	1624283211147	1624283211300	KO	status.find.in(200,201,202,203,204,205,206,207,208,209,304), found 429
REQUEST		request_9	1624283211145	1624283211300	KO	status.find.in(200,201,202,203,204,205,206,207,208,209,304), found 429
REQUEST		request_9	1624283211141	1624283211300	KO	status.find.in(200,201,202,203,204,205,206,207,208,209,304), found 429
USER	RecordedSimulation	END	1624283211299
REQUEST		request_9	1624283211153	1624283211300	KO	status.find.in(200,201,202,203,204,205,206,207,208,209,304), found 429
USER	RecordedSimulation	END	1624283211299
USER	RecordedSimulation	END	1624283211299
USER	RecordedSimulation	END	1624283211299
USER	RecordedSimulation	END	1624283211300
USER	RecordedSimulation	END	1624283211300
REQUEST		request_9	1624283211147	1624283211300	OK	 
USER	RecordedSimulation	END	1624283211300
USER	RecordedSimulation	END	1624283211300
REQUEST		request_9	1624283211145	1624283211300	KO	status.find.in(200,201,202,203,204,205,206,207,208,209,304), found 429
REQUEST		request_9	1624283211151	1624283211300	KO	status.find.in(200,201,202,203,204,205,206,207,208,209,304), found 429
REQUEST		request_9	1624283211152	1624283211301	KO	status.find.in(200,201,202,203,204,205,206,207,208,209,304), found 429
USER	RecordedSimulation	END	1624283211301
REQUEST		request_9	1624283211145	1624283211301	OK	 
REQUEST		request_9	1624283211148	1624283211301	KO	status.find.in(200,201,202,203,204,205,206,207,208,209,304), found 429
REQUEST		request_9	1624283211150	1624283211301	KO	status.find.in(200,201,202,203,204,205,206,207,208,209,304), found 429
REQUEST		request_9	1624283211153	1624283211301	KO	status.find.in(200,201,202,203,204,205,206,207,208,209,304), found 429
REQUEST		request_9	1624283211151	1624283211301	KO	status.find.in(200,201,202,203,204,205,206,207,208,209,304), found 429
USER	RecordedSimulation	END	1624283211301
USER	RecordedSimulation	END	1624283211301
USER	RecordedSimulation	END	1624283211302
USER	RecordedSimulation	END	1624283211302
USER	RecordedSimulation	END	1624283211302
USER	RecordedSimulation	END	1624283211302
REQUEST		request_9	1624283211150	1624283211302	KO	status.find.in(200,201,202,203,204,205,206,207,208,209,304), found 429
REQUEST		request_9	1624283211149	1624283211302	KO	status.find.in(200,201,202,203,204,205,206,207,208,209,304), found 429
REQUEST		request_9	1624283211149	1624283211302	KO	status.find.in(200,201,202,203,204,205,206,207,208,209,304), found 429
REQUEST		request_9	1624283211149	1624283211302	KO	status.find.in(200,201,202,203,204,205,206,207,208,209,304), found 429
REQUEST		request_9	1624283211151	1624283211302	KO	status.find.in(200,201,202,203,204,205,206,207,208,209,304), found 429
REQUEST		request_9	1624283211150	1624283211303	KO	status.find.in(200,201,202,203,204,205,206,207,208,209,304), found 429
REQUEST		request_9	1624283211149	1624283211303	KO	status.find.in(200,201,202,203,204,205,206,207,208,209,304), found 429
REQUEST		request_9	1624283211152	1624283211303	KO	status.find.in(200,201,202,203,204,205,206,207,208,209,304), found 429
USER	RecordedSimulation	END	1624283211302
USER	RecordedSimulation	END	1624283211303
USER	RecordedSimulation	END	1624283211303
USER	RecordedSimulation	END	1624283211303
USER	RecordedSimulation	END	1624283211303
USER	RecordedSimulation	END	1624283211303
USER	RecordedSimulation	END	1624283211303
USER	RecordedSimulation	END	1624283211303
REQUEST		request_9	1624283211149	1624283211303	KO	status.find.in(200,201,202,203,204,205,206,207,208,209,304), found 429
REQUEST		request_9	1624283211152	1624283211303	KO	status.find.in(200,201,202,203,204,205,206,207,208,209,304), found 429
REQUEST		request_9	1624283211151	1624283211303	KO	status.find.in(200,201,202,203,204,205,206,207,208,209,304), found 429
REQUEST		request_9	1624283211148	1624283211303	OK	 
REQUEST		request_9	1624283211151	1624283211304	KO	status.find.in(200,201,202,203,204,205,206,207,208,209,304), found 429
REQUEST		request_9	1624283211152	1624283211304	KO	status.find.in(200,201,202,203,204,205,206,207,208,209,304), found 429
REQUEST		request_9	1624283211150	1624283211304	KO	status.find.in(200,201,202,203,204,205,206,207,208,209,304), found 429
REQUEST		request_9	1624283211152	1624283211304	KO	status.find.in(200,201,202,203,204,205,206,207,208,209,304), found 429
REQUEST		request_9	1624283211170	1624283211304	KO	status.find.in(200,201,202,203,204,205,206,207,208,209,304), found 429
REQUEST		request_9	1624283211149	1624283211304	KO	status.find.in(200,201,202,203,204,205,206,207,208,209,304), found 429
REQUEST		request_9	1624283211152	1624283211304	KO	status.find.in(200,201,202,203,204,205,206,207,208,209,304), found 429
REQUEST		request_9	1624283211152	1624283211304	KO	status.find.in(200,201,202,203,204,205,206,207,208,209,304), found 429
REQUEST		request_9	1624283211153	1624283211305	KO	status.find.in(200,201,202,203,204,205,206,207,208,209,304), found 429
REQUEST		request_9	1624283211152	1624283211305	KO	status.find.in(200,201,202,203,204,205,206,207,208,209,304), found 429
REQUEST		request_9	1624283211151	1624283211305	KO	status.find.in(200,201,202,203,204,205,206,207,208,209,304), found 429
REQUEST		request_9	1624283211170	1624283211305	KO	status.find.in(200,201,202,203,204,205,206,207,208,209,304), found 429
REQUEST		request_9	1624283211152	1624283211305	KO	status.find.in(200,201,202,203,204,205,206,207,208,209,304), found 429
USER	RecordedSimulation	END	1624283211304
REQUEST		request_9	1624283211152	1624283211305	KO	status.find.in(200,201,202,203,204,205,206,207,208,209,304), found 429
USER	RecordedSimulation	END	1624283211304
USER	RecordedSimulation	END	1624283211304
REQUEST		request_9	1624283211152	1624283211305	KO	status.find.in(200,201,202,203,204,205,206,207,208,209,304), found 429
REQUEST		request_9	1624283211151	1624283211305	KO	status.find.in(200,201,202,203,204,205,206,207,208,209,304), found 429
USER	RecordedSimulation	END	1624283211304
USER	RecordedSimulation	END	1624283211304
USER	RecordedSimulation	END	1624283211304
USER	RecordedSimulation	END	1624283211305
USER	RecordedSimulation	END	1624283211305
USER	RecordedSimulation	END	1624283211305
USER	RecordedSimulation	END	1624283211305
USER	RecordedSimulation	END	1624283211305
USER	RecordedSimulation	END	1624283211305
USER	RecordedSimulation	END	1624283211305
REQUEST		request_9	1624283211153	1624283211306	KO	status.find.in(200,201,202,203,204,205,206,207,208,209,304), found 429
USER	RecordedSimulation	END	1624283211305
USER	RecordedSimulation	END	1624283211305
USER	RecordedSimulation	END	1624283211306
USER	RecordedSimulation	END	1624283211306
REQUEST		request_9	1624283211170	1624283211306	KO	status.find.in(200,201,202,203,204,205,206,207,208,209,304), found 429
USER	RecordedSimulation	END	1624283211306
USER	RecordedSimulation	END	1624283211306
USER	RecordedSimulation	END	1624283211306
USER	RecordedSimulation	END	1624283211306
REQUEST		request_9	1624283211153	1624283211306	KO	status.find.in(200,201,202,203,204,205,206,207,208,209,304), found 429
REQUEST		request_9	1624283211153	1624283211306	KO	status.find.in(200,201,202,203,204,205,206,207,208,209,304), found 429
REQUEST		request_9	1624283211170	1624283211306	KO	status.find.in(200,201,202,203,204,205,206,207,208,209,304), found 429
REQUEST		request_9	1624283211157	1624283211306	KO	status.find.in(200,201,202,203,204,205,206,207,208,209,304), found 429
REQUEST		request_9	1624283211170	1624283211306	KO	status.find.in(200,201,202,203,204,205,206,207,208,209,304), found 429
REQUEST		request_9	1624283211153	1624283211307	KO	status.find.in(200,201,202,203,204,205,206,207,208,209,304), found 429
REQUEST		request_9	1624283211208	1624283211307	KO	status.find.in(200,201,202,203,204,205,206,207,208,209,304), found 429
REQUEST		request_9	1624283211158	1624283211307	KO	status.find.in(200,201,202,203,204,205,206,207,208,209,304), found 429
REQUEST		request_9	1624283211154	1624283211307	KO	status.find.in(200,201,202,203,204,205,206,207,208,209,304), found 429
REQUEST		request_9	1624283211170	1624283211307	KO	status.find.in(200,201,202,203,204,205,206,207,208,209,304), found 429
REQUEST		request_9	1624283211170	1624283211306	KO	status.find.in(200,201,202,203,204,205,206,207,208,209,304), found 429
USER	RecordedSimulation	END	1624283211306
USER	RecordedSimulation	END	1624283211307
USER	RecordedSimulation	END	1624283211307
USER	RecordedSimulation	END	1624283211307
USER	RecordedSimulation	END	1624283211307
USER	RecordedSimulation	END	1624283211307
USER	RecordedSimulation	END	1624283211307
USER	RecordedSimulation	END	1624283211307
USER	RecordedSimulation	END	1624283211307
USER	RecordedSimulation	END	1624283211307
USER	RecordedSimulation	END	1624283211307
REQUEST		request_9	1624283211171	1624283211307	KO	status.find.in(200,201,202,203,204,205,206,207,208,209,304), found 429
REQUEST		request_9	1624283211170	1624283211307	KO	status.find.in(200,201,202,203,204,205,206,207,208,209,304), found 429
REQUEST		request_9	1624283211170	1624283211307	KO	status.find.in(200,201,202,203,204,205,206,207,208,209,304), found 429
REQUEST		request_9	1624283211204	1624283211306	OK	 
USER	RecordedSimulation	END	1624283211307
USER	RecordedSimulation	END	1624283211307
USER	RecordedSimulation	END	1624283211307
REQUEST		request_9	1624283211208	1624283211325	KO	status.find.in(200,201,202,203,204,205,206,207,208,209,304), found 429
REQUEST		request_9	1624283211208	1624283211325	KO	status.find.in(200,201,202,203,204,205,206,207,208,209,304), found 429
REQUEST		request_9	1624283211204	1624283211325	KO	status.find.in(200,201,202,203,204,205,206,207,208,209,304), found 429
USER	RecordedSimulation	END	1624283211326
USER	RecordedSimulation	END	1624283211326
USER	RecordedSimulation	END	1624283211326
REQUEST		request_9 Redirect 1	1624283211245	1624283211357	KO	status.find.in(200,201,202,203,204,205,206,207,208,209,304), found 429
REQUEST		request_9 Redirect 1	1624283211245	1624283211358	KO	status.find.in(200,201,202,203,204,205,206,207,208,209,304), found 429
USER	RecordedSimulation	END	1624283211359
REQUEST		request_9 Redirect 1	1624283211245	1624283211358	OK	 
USER	RecordedSimulation	END	1624283211359
REQUEST		request_9 Redirect 1	1624283211299	1624283211390	KO	status.find.in(200,201,202,203,204,205,206,207,208,209,304), found 429
REQUEST		request_9 Redirect 1	1624283211299	1624283211390	KO	status.find.in(200,201,202,203,204,205,206,207,208,209,304), found 429
USER	RecordedSimulation	END	1624283211391
USER	RecordedSimulation	END	1624283211391
REQUEST		request_9 Redirect 1	1624283211301	1624283211472	KO	status.find.in(200,201,202,203,204,205,206,207,208,209,304), found 429
REQUEST		request_9 Redirect 1	1624283211299	1624283211472	KO	status.find.in(200,201,202,203,204,205,206,207,208,209,304), found 429
REQUEST		request_9 Redirect 1	1624283211302	1624283211472	KO	status.find.in(200,201,202,203,204,205,206,207,208,209,304), found 429
REQUEST		request_9 Redirect 1	1624283211299	1624283211472	OK	 
REQUEST		request_9 Redirect 1	1624283211304	1624283211472	KO	status.find.in(200,201,202,203,204,205,206,207,208,209,304), found 429
USER	RecordedSimulation	END	1624283211473
USER	RecordedSimulation	END	1624283211473
USER	RecordedSimulation	END	1624283211473
USER	RecordedSimulation	END	1624283211473
REQUEST		request_9 Redirect 1	1624283211308	1624283211476	KO	status.find.in(200,201,202,203,204,205,206,207,208,209,304), found 429
USER	RecordedSimulation	END	1624283211477
REQUEST		request_9 Redirect 1	1624283211301	1624283211478	KO	status.find.in(200,201,202,203,204,205,206,207,208,209,304), found 429
USER	RecordedSimulation	END	1624283211479
REQUEST		request_9	1624283211438	1624283211551	OK	 
REQUEST		request_9	1624283211438	1624283211558	KO	status.find.in(200,201,202,203,204,205,206,207,208,209,304), found 429
REQUEST		request_9	1624283211439	1624283211558	KO	status.find.in(200,201,202,203,204,205,206,207,208,209,304), found 429
REQUEST		request_9	1624283211439	1624283211558	OK	 
USER	RecordedSimulation	END	1624283211559
USER	RecordedSimulation	END	1624283211559
REQUEST		request_9	1624283211440	1624283211561	KO	status.find.in(200,201,202,203,204,205,206,207,208,209,304), found 429
REQUEST		request_9	1624283211444	1624283211562	KO	status.find.in(200,201,202,203,204,205,206,207,208,209,304), found 429
REQUEST		request_9	1624283211439	1624283211562	KO	status.find.in(200,201,202,203,204,205,206,207,208,209,304), found 429
REQUEST		request_9	1624283211444	1624283211561	KO	status.find.in(200,201,202,203,204,205,206,207,208,209,304), found 429
REQUEST		request_9	1624283211440	1624283211561	KO	status.find.in(200,201,202,203,204,205,206,207,208,209,304), found 429
USER	RecordedSimulation	END	1624283211562
USER	RecordedSimulation	END	1624283211562
USER	RecordedSimulation	END	1624283211562
USER	RecordedSimulation	END	1624283211562
USER	RecordedSimulation	END	1624283211562
REQUEST		request_9	1624283211444	1624283211566	KO	status.find.in(200,201,202,203,204,205,206,207,208,209,304), found 429
REQUEST		request_9	1624283211444	1624283211566	KO	status.find.in(200,201,202,203,204,205,206,207,208,209,304), found 429
REQUEST		request_9	1624283211449	1624283211566	KO	status.find.in(200,201,202,203,204,205,206,207,208,209,304), found 429
REQUEST		request_9	1624283211439	1624283211566	KO	status.find.in(200,201,202,203,204,205,206,207,208,209,304), found 429
REQUEST		request_9	1624283211439	1624283211566	KO	status.find.in(200,201,202,203,204,205,206,207,208,209,304), found 429
REQUEST		request_9	1624283211444	1624283211566	KO	status.find.in(200,201,202,203,204,205,206,207,208,209,304), found 429
REQUEST		request_9	1624283211442	1624283211566	KO	status.find.in(200,201,202,203,204,205,206,207,208,209,304), found 429
USER	RecordedSimulation	END	1624283211567
USER	RecordedSimulation	END	1624283211567
USER	RecordedSimulation	END	1624283211567
USER	RecordedSimulation	END	1624283211567
USER	RecordedSimulation	END	1624283211567
USER	RecordedSimulation	END	1624283211567
USER	RecordedSimulation	END	1624283211567
REQUEST		request_9	1624283211445	1624283211568	KO	status.find.in(200,201,202,203,204,205,206,207,208,209,304), found 429
REQUEST		request_9	1624283211448	1624283211568	KO	status.find.in(200,201,202,203,204,205,206,207,208,209,304), found 429
REQUEST		request_9	1624283211448	1624283211568	KO	status.find.in(200,201,202,203,204,205,206,207,208,209,304), found 429
USER	RecordedSimulation	END	1624283211568
USER	RecordedSimulation	END	1624283211568
USER	RecordedSimulation	END	1624283211568
REQUEST		request_9	1624283211449	1624283211569	KO	status.find.in(200,201,202,203,204,205,206,207,208,209,304), found 429
USER	RecordedSimulation	END	1624283211569
REQUEST		bootstrap.min.css	1624283211475	1624283211586	KO	status.find.in(200,201,202,203,204,205,206,207,208,209,304), found 429
REQUEST		request_10	1624283211363	1624283211598	KO	status.find.in(200,201,202,203,204,205,206,207,208,209,304), found 429
REQUEST		main.css	1624283211362	1624283211599	KO	status.find.in(200,201,202,203,204,205,206,207,208,209,304), found 429
REQUEST		request_9	1624283211549	1624283211648	KO	status.find.in(200,201,202,203,204,205,206,207,208,209,304), found 429
USER	RecordedSimulation	END	1624283211649
REQUEST		request_9 Redirect 1	1624283211551	1624283211649	OK	 
REQUEST		request_9 Redirect 1	1624283211559	1624283211654	KO	status.find.in(200,201,202,203,204,205,206,207,208,209,304), found 429
USER	RecordedSimulation	END	1624283211655
REQUEST		main.css	1624283211476	1624283211682	KO	status.find.in(200,201,202,203,204,205,206,207,208,209,304), found 429
REQUEST		bootstrap.min.css	1624283211362	1624283211682	OK	 
REQUEST		request_10	1624283211477	1624283211711	OK	 
REQUEST		request_11	1624283211478	1624283211712	KO	status.find.in(200,201,202,203,204,205,206,207,208,209,304), found 429
USER	RecordedSimulation	END	1624283211713
REQUEST		request_9	1624283211620	1624283211714	KO	status.find.in(200,201,202,203,204,205,206,207,208,209,304), found 429
USER	RecordedSimulation	END	1624283211714
REQUEST		request_10	1624283211652	1624283211742	KO	status.find.in(200,201,202,203,204,205,206,207,208,209,304), found 429
REQUEST		main.css	1624283211652	1624283211743	OK	 
REQUEST		request_11	1624283211653	1624283211759	KO	status.find.in(200,201,202,203,204,205,206,207,208,209,304), found 429
REQUEST		bootstrap.min.css	1624283211652	1624283211764	KO	status.find.in(200,201,202,203,204,205,206,207,208,209,304), found 429
USER	RecordedSimulation	END	1624283211765
REQUEST		request_11	1624283211364	1624283211805	OK	 
USER	RecordedSimulation	END	1624283211807
REQUEST		request_9	1624283211773	1624283211904	OK	 
REQUEST		request_9 Redirect 1	1624283211905	1624283212022	OK	 
REQUEST		request_9	1624283211994	1624283212088	OK	 
REQUEST		request_9	1624283212021	1624283212117	OK	 
REQUEST		request_10	1624283212025	1624283212119	OK	 
REQUEST		main.css	1624283212025	1624283212126	KO	status.find.in(200,201,202,203,204,205,206,207,208,209,304), found 429
REQUEST		request_9 Redirect 1	1624283212089	1624283212207	OK	 
REQUEST		request_9 Redirect 1	1624283212118	1624283212227	OK	 
REQUEST		request_11	1624283212025	1624283212424	OK	 
REQUEST		request_10	1624283212212	1624283212424	OK	 
REQUEST		request_9	1624283212228	1624283212425	KO	status.find.in(200,201,202,203,204,205,206,207,208,209,304), found 429
REQUEST		main.css	1624283212212	1624283212426	OK	 
REQUEST		bootstrap.min.css	1624283212025	1624283212426	OK	 
USER	RecordedSimulation	END	1624283212426
USER	RecordedSimulation	END	1624283212427
REQUEST		request_10	1624283212230	1624283212427	KO	status.find.in(200,201,202,203,204,205,206,207,208,209,304), found 429
REQUEST		request_11	1624283212230	1624283212428	KO	status.find.in(200,201,202,203,204,205,206,207,208,209,304), found 429
REQUEST		bootstrap.min.css	1624283212230	1624283212428	KO	status.find.in(200,201,202,203,204,205,206,207,208,209,304), found 429
REQUEST		main.css	1624283212230	1624283212428	KO	status.find.in(200,201,202,203,204,205,206,207,208,209,304), found 429
USER	RecordedSimulation	END	1624283212429
REQUEST		request_11	1624283212212	1624283212618	OK	 
REQUEST		bootstrap.min.css	1624283212211	1624283212626	OK	 
USER	RecordedSimulation	END	1624283212627
